    1  history
    2  cd LINUX_Course_Project
    3  cp CODE/plant.py /Work/Q2/
    4  cp CODE/plant.py Work/Q2/
    5  pip install matplotlib numpy
    6  pip3 install matplotlib
    7  sudo apt install pipx
    8  pipx install matplotlib
    9  sudo apt install
   10  sudo apt install python3-pip
   11  pip3 install matplotlib
   12  python3 -m pip install matplotlib
   13  python3 Work/Q2/plant.py
   14  python3 -m venv my_env
   15  source my_env/bin/activate
   16  pip install matplotlib
   17  python plant.py
   18  cd Work/Q2
   19  python plant.py
   20  deactivate
   21  mkdir Diagrams_1
   22  mv *.png Diagrams_1 
   23  tar -czvf ~/LINUX_Course_Project/BACKUPS/diagrams_Q2__$(date +"%Y-%m-%d_%H-%M-%S").tar.gz -C 1_Diagrams .
   24  tar -czvf ~/LINUX_Course_Project/BACKUPS/diagrams_Q2_$(date +"%Y-%m-%d_%H-%M-%S").tar.gz -C Diagrams_1
   25  zip -r BACKUPS/diagrams_backup_$$(date +"%Y-%m-%d_%H-%M-%S").zip Diagrams_1
   26  zip -r BACKUPS/diagrams_backup_$(date +"%Y-%m-%d_%H-%M-%S").zip Diagrams_1
   27  sudo apt install zip
   28  zip -r BACKUPS/diagrams_backup_$(date +"%Y-%m-%d_%H-%M-%S").zip Diagrams_1
   29  cd .
   30  cd ..
   31  zip -r BACKUPS/diagrams_backup_$(date +"%Y-%m-%d_%H-%M-%S").zip Diagrams_1
   32  zip -r BACKUPS/diagrams_Q2_$(date +"%Y-%m-%d_%H-%M-%S").zip Work/Q2/ Diagrams_1
   33  zip -r BACKUPS/diagrams_Q2_$(date +"%Y-%m-%d_%H-%M-%S").zip Work/Q2/ Diagrams_1/*
   34  zip -r BACKUPS/diagrams_Q2_$(date +"%Y-%m-%d_%H-%M-%S").zip Work/Q2/Diagrams_1/*
   35  zip -r BACKUPS/diagrams_Q2_$(date +"%Y-%m-%d_%H-%M-%S").zip Diagrams_1/*
   36  zip -r BACKUPS/diagrams_Q2_$(date +"%Y-%m-%d_%H-%M-%S").zip Work/Q2/Diagrams_1/*
   37  zip -j BACKUPS/diagrams_Q2_$(date +"%Y-%m-%d_%H-%M-%S").zip Work/Q2/Diagrams_1/*
   38  git add .
   39  git commit -m "QUESTION 2 - PART A DONE"
   40  git checkout master
   41  git merge BR_Q2
   42  git push origin master
   43  git push origin BR_Q2
   44  cd Work/Q2
   45  touch plant_analyzer.py
   46  python3 plant_visualizer.py --plant "Tulip" --height 15 20 25 30  --leaf_count 10 10 12 14  --dry_weight 1.2 1.5 1.8 1.3
   47  python3 plant_analyzer.py --plant "Tulip" --height 15 20 25 30  --leaf_count 10 10 12 14  --dry_weight 1.2 1.5 1.8 1.3
   48  python3 -m venv venv
   49  source venv/bin/activate
   50* 
   51  pip install package matplotlib argsparse
   52  pip install matplotlib
   53  pip install argparse
   54  pip freeze > requirements.txt
   55  pip uninstall -y matplotlib argparse
   56  pip install -r requirements.txt
   57  python3 plant_plots.py --plant "Tulip" --height 15 20 22 23 --leaf_count 10 12 13 14  --dry_weight 1.2 1.5 1.8 2.0
   58  python3 plant_analyzer.py --plant "Tulip" --height 15 20 22 23 --leaf_count 10 12 13 14  --dry_weight 1.2 1.5 1.8 2.0
   59  pip install -r requirements.txt
   60  pip list | grep matplotlib
   61  python3 plant_analyzer.py --plant "Tulip" --height 15 20 22 23 --leaf_count 10 12 13 14  --dry_weight 1.2 1.5 1.8 2.0
   62  mkdir Diagrams_2
   63  mv *.png Diagrams_2
   64  zip -j BACKUPS/diagrams_2_Q2_$(date +"%Y-%m-%d_%H-%M-%S").zip Work/Q2/Diagrams_2/*
   65  zip -j ~/LINUX_Course_Project/BACKUPS/diagrams_2_Q2_$(date +"%Y-%m-%d_%H-%M-%S").zip Diagrams_2/*
   66  history > history_Q2.log
