commit 41f546f62748cd945b00c44408a172b712101eb8
Author: soma <soma.eldein@git.com>
Date:   Sun Mar 9 02:32:37 2025 +0200

    QUESTION 2 DONE - generic plant analyzer

commit 892f4f6323dbd1e04479d2dc0b4190a2a19b4597
Author: soma <soma.eldein@git.com>
Date:   Sat Mar 8 18:49:55 2025 +0200

    QUESTION 2 - PART A DONE

commit c6425e8f009902cf3dcfe72563a04b6705acb1fa
Author: soma <soma.eldein@git.com>
Date:   Sat Mar 8 03:02:48 2025 +0200

    FINAL COMMIT

commit ff06ac7b8855abc8ae2ddf17a873f55b5da8b790
Author: soma <soma.eldein@git.com>
Date:   Sat Mar 8 02:48:08 2025 +0200

    QUESTION 1 DONE

commit a54a668a335746908a2e5517ed6ac8645888e86c
Author: soma <soma.eldein@git.com>
Date:   Thu Mar 6 19:25:02 2025 +0200

    FIRST Commit - Downloadin+Extracting
