commit 4cbfc04ebb6c6b887a5401ba04de1389e8e11071
Author: soma <soma.eldein@git.com>
Date:   Wed Mar 12 02:34:02 2025 +0200

    creating zip files for results

commit 34aff5f2487543d37a5fec08b5184f8ccb23e2f5
Author: soma <soma.eldein@git.com>
Date:   Wed Mar 12 02:28:17 2025 +0200

    Question 4 - Part B - Done

commit ace8a02e694820b2667ea8caa147ac69ba75429c
Author: soma <soma.eldein@git.com>
Date:   Wed Mar 12 01:31:03 2025 +0200

    Question 4 - Part A - Done(modified)

commit 7933c9add4492695e6b61710a4a38f9aedbf5bbf
Author: soma <soma.eldein@git.com>
Date:   Tue Mar 11 02:17:34 2025 +0200

    Question 4 PART A Done (before updating the script)

commit e12c96fd0a59d6fc1bfcfe6a4569a43208f48c37
Author: lujain <lojen.awidat@gmail.com>
Date:   Sun Mar 9 21:16:22 2025 +0200

    QUESTION 3 - DONE - creating menu with bash

commit 4740e2712a64904ea635abcebcfe24a99a01e101
Author: soma <soma.eldein@git.com>
Date:   Sun Mar 9 02:38:45 2025 +0200

    adding commits file

commit 41f546f62748cd945b00c44408a172b712101eb8
Author: soma <soma.eldein@git.com>
Date:   Sun Mar 9 02:32:37 2025 +0200

    QUESTION 2 DONE - generic plant analyzer

commit 892f4f6323dbd1e04479d2dc0b4190a2a19b4597
Author: soma <soma.eldein@git.com>
Date:   Sat Mar 8 18:49:55 2025 +0200

    QUESTION 2 - PART A DONE

commit c6425e8f009902cf3dcfe72563a04b6705acb1fa
Author: soma <soma.eldein@git.com>
Date:   Sat Mar 8 03:02:48 2025 +0200

    FINAL COMMIT

commit ff06ac7b8855abc8ae2ddf17a873f55b5da8b790
Author: soma <soma.eldein@git.com>
Date:   Sat Mar 8 02:48:08 2025 +0200

    QUESTION 1 DONE

commit a54a668a335746908a2e5517ed6ac8645888e86c
Author: soma <soma.eldein@git.com>
Date:   Thu Mar 6 19:25:02 2025 +0200

    FIRST Commit - Downloadin+Extracting
