Processing plants from /home/somaeldein/LINUX_Course_Project/CODE/plants.csv
Processing plant: Rose with parameters: "50 55 60 65 70", "35 40 45 50 55", "2.0 2.2 2.5 2.7 3.0"
Successfully processed Rose
Processing plant: Tulip with parameters: "30 35 40 42", "12 15 18 20", "1.5 1.6 1.7 1.8"
Successfully processed Tulip
Processing plant: Sunflower with parameters: "120 125 130 135", "50 55 60 65", "5.0 5.5 6.0 6.5"
Successfully processed Sunflower
Processing plant: Daffodil with parameters: "40 45 50 55", "15 18 20 22", "1.8 2.0 2.2 2.5"
Successfully processed Daffodil
Processing plant: Lily with parameters: "60 65 70", "20 22 24", "2.5 2.7 3.0"
Successfully processed Lily
  adding: Diagrams/ (stored 0%)
  adding: Diagrams/Rose/ (stored 0%)
  adding: Diagrams/Rose/Rose_line_plot.png (deflated 15%)
  adding: Diagrams/Rose/Rose_histogram.png (deflated 26%)
  adding: Diagrams/Rose/Rose_scatter.png (deflated 25%)
  adding: Diagrams/Sunflower/ (stored 0%)
  adding: Diagrams/Sunflower/Sunflower_histogram.png (deflated 26%)
  adding: Diagrams/Sunflower/Sunflower_scatter.png (deflated 26%)
  adding: Diagrams/Sunflower/Sunflower_line_plot.png (deflated 15%)
  adding: Diagrams/Daffodil/ (stored 0%)
  adding: Diagrams/Daffodil/Daffodil_histogram.png (deflated 26%)
  adding: Diagrams/Daffodil/Daffodil_line_plot.png (deflated 14%)
  adding: Diagrams/Daffodil/Daffodil_scatter.png (deflated 26%)
  adding: Diagrams/Lily/ (stored 0%)
  adding: Diagrams/Lily/Lily_line_plot.png (deflated 15%)
  adding: Diagrams/Lily/Lily_histogram.png (deflated 27%)
  adding: Diagrams/Lily/Lily_scatter.png (deflated 27%)
  adding: Diagrams/Tulip/ (stored 0%)
  adding: Diagrams/Tulip/Tulip_scatter.png (deflated 25%)
  adding: Diagrams/Tulip/Tulip_line_plot.png (deflated 13%)
  adding: Diagrams/Tulip/Tulip_histogram.png (deflated 27%)
  adding: Diagrams/Jasmin/ (stored 0%)
  adding: Diagrams/Jasmin/Jasmin_line_plot.png (deflated 15%)
  adding: Diagrams/Jasmin/Jasmin_scatter.png (deflated 27%)
  adding: Diagrams/Jasmin/Jasmin_histogram.png (deflated 27%)
Diagrams backed up to /home/somaeldein/LINUX_Course_Project/BACKUPS/diagrams_Q4_2025_03_11_02_16_13.zip
